app/build/intermediates/manifest_merge_blame_file/debug/manifest-merger-blame-debug-report.txt
1<?xml version="1.0" encoding="utf-8"?>
2<manifest xmlns:android="http://schemas.android.com/apk/res/android"
3    package="com.sureemed.consumer"
4    android:versionCode="1"
5    android:versionName="1.0" >
6
7    <uses-sdk
8        android:minSdkVersion="19"
8-->src/main/AndroidManifest.xml
9        android:targetSdkVersion="28" />
9-->src/main/AndroidManifest.xml
10
11    <supports-screens
11-->src/main/AndroidManifest.xml:8:5-13:39
12        android:anyDensity="true"
12-->src/main/AndroidManifest.xml:9:9-34
13        android:largeScreens="true"
13-->src/main/AndroidManifest.xml:10:9-36
14        android:normalScreens="true"
14-->src/main/AndroidManifest.xml:11:9-37
15        android:resizeable="true"
15-->src/main/AndroidManifest.xml:12:9-34
16        android:smallScreens="true" />
16-->src/main/AndroidManifest.xml:13:9-36
17
18    <!-- Barcode(二维码)  begin -->
19    <uses-permission android:name="android.permission.CAMERA" />
19-->src/main/AndroidManifest.xml:16:5-65
19-->src/main/AndroidManifest.xml:16:22-62
20    <uses-permission android:name="android.permission.WRITE_EXTERNAL_STORAGE" />
20-->src/main/AndroidManifest.xml:17:5-81
20-->src/main/AndroidManifest.xml:17:22-78
21
22    <uses-feature android:name="android.hardware.camera" />
22-->src/main/AndroidManifest.xml:19:5-60
22-->src/main/AndroidManifest.xml:19:19-57
23    <uses-feature android:name="android.hardware.camera.autofocus" />
23-->src/main/AndroidManifest.xml:20:5-70
23-->src/main/AndroidManifest.xml:20:19-67
24
25    <uses-permission android:name="android.permission.VIBRATE" />
25-->src/main/AndroidManifest.xml:22:5-66
25-->src/main/AndroidManifest.xml:22:22-63
26    <uses-permission android:name="android.permission.FLASHLIGHT" />
26-->src/main/AndroidManifest.xml:23:5-69
26-->src/main/AndroidManifest.xml:23:22-66
27    <!-- Barcode(二维码)  end -->
28
29    <uses-permission android:name="android.permission.READ_EXTERNAL_STORAGE" />
29-->src/main/AndroidManifest.xml:27:5-80
29-->src/main/AndroidManifest.xml:27:22-77
30    <uses-permission android:name="android.permission.REPLACE_EXISTING_PACKAGE" />
30-->src/main/AndroidManifest.xml:28:5-82
30-->src/main/AndroidManifest.xml:28:22-80
31    <uses-permission android:name="android.permission.REQUEST_INSTALL_PACKAGES" />
31-->src/main/AndroidManifest.xml:30:5-82
31-->src/main/AndroidManifest.xml:30:22-80
32
33    <!-- Barcode(二维码)  begin -->
34    <uses-permission android:name="android.permission.CAMERA" />
34-->src/main/AndroidManifest.xml:16:5-65
34-->src/main/AndroidManifest.xml:16:22-62
35    <uses-permission android:name="android.permission.WRITE_EXTERNAL_STORAGE" />
35-->src/main/AndroidManifest.xml:17:5-81
35-->src/main/AndroidManifest.xml:17:22-78
36
37    <uses-feature android:name="android.hardware.camera" />
37-->src/main/AndroidManifest.xml:19:5-60
37-->src/main/AndroidManifest.xml:19:19-57
38    <uses-feature android:name="android.hardware.camera.autofocus" />
38-->src/main/AndroidManifest.xml:20:5-70
38-->src/main/AndroidManifest.xml:20:19-67
39
40    <uses-permission android:name="android.permission.VIBRATE" />
40-->src/main/AndroidManifest.xml:22:5-66
40-->src/main/AndroidManifest.xml:22:22-63
41    <uses-permission android:name="android.permission.FLASHLIGHT" />
41-->src/main/AndroidManifest.xml:23:5-69
41-->src/main/AndroidManifest.xml:23:22-66
42    <uses-permission android:name="android.permission.INTERNET" />
42-->src/main/AndroidManifest.xml:43:5-67
42-->src/main/AndroidManifest.xml:43:22-64
43    <uses-permission android:name="android.permission.ACCESS_NETWORK_STATE" />
43-->src/main/AndroidManifest.xml:44:5-79
43-->src/main/AndroidManifest.xml:44:22-76
44    <uses-permission android:name="android.permission.ACCESS_WIFI_STATE" />
44-->src/main/AndroidManifest.xml:45:5-76
44-->src/main/AndroidManifest.xml:45:22-73
45    <uses-permission android:name="android.permission.READ_PHONE_STATE" />
45-->src/main/AndroidManifest.xml:46:5-75
45-->src/main/AndroidManifest.xml:46:22-72
46    <uses-permission android:name="android.permission.WRITE_EXTERNAL_STORAGE" />
46-->src/main/AndroidManifest.xml:17:5-81
46-->src/main/AndroidManifest.xml:17:22-78
47    <uses-permission android:name="android.permission.ACCESS_COARSE_LOCATION" />
47-->src/main/AndroidManifest.xml:48:5-81
47-->src/main/AndroidManifest.xml:48:22-78
48
49    <!-- Barcode(二维码)  end -->
50
51
52    <!-- Push(推送)只能选择一个推送组件 -->
53    <!-- Push(推送)-MKeyPush begin -->
54    <!--
55    <uses-permission android:name="android.permission.INTERNET"/>
56    <uses-permission android:name="android.permission.ACCESS_WIFI_STATE"/>
57    <uses-permission android:name="android.permission.ACCESS_NETWORK_STATE"/>
58    <uses-permission android:name="android.permission.READ_PHONE_STATE"/>
59    -->
60    <!-- Push(推送)-MKeyPush  end -->
61
62
63    <!-- 小米推送 -->
64    <!--
65    <uses-permission android:name="android.permission.INTERNET"/>
66    <uses-permission android:name="android.permission.ACCESS_NETWORK_STATE"/>
67    <uses-permission android:name="android.permission.ACCESS_WIFI_STATE"/>
68    <uses-permission android:name="android.permission.READ_PHONE_STATE"/>
69    <uses-permission android:name="android.permission.GET_TASKS"/>
70    <uses-permission android:name="android.permission.VIBRATE"/>
71    <uses-permission android:name="android.permission.GET_TASKS"/>
72    <uses-permission android:name="android.permission.INTERACT_ACROSS_USERS_FULL"/>
73    <uses-permission android:name="android.permission.GET_TOP_ACTIVITY_INFO"/>
74    <uses-permission android:name="com.HBuilder.integrate.permission.MIPUSH_RECEIVE"/>
75    <permission android:name="com.HBuilder.integrate.permission.MIPUSH_RECEIVE" android:protectionLevel="signature"/>
76    -->
77    <!-- 小米推送 end -->
78
79
80    <!-- Push(推送)-个推  begin -->
81    <uses-permission android:name="android.permission.INTERNET" />
81-->src/main/AndroidManifest.xml:43:5-67
81-->src/main/AndroidManifest.xml:43:22-64
82    <uses-permission android:name="android.permission.READ_PHONE_STATE" />
82-->src/main/AndroidManifest.xml:46:5-75
82-->src/main/AndroidManifest.xml:46:22-72
83    <uses-permission android:name="android.permission.ACCESS_NETWORK_STATE" />
83-->src/main/AndroidManifest.xml:44:5-79
83-->src/main/AndroidManifest.xml:44:22-76
84    <uses-permission android:name="android.permission.WAKE_LOCK" />
84-->src/main/AndroidManifest.xml:85:5-68
84-->src/main/AndroidManifest.xml:85:22-65
85    <uses-permission android:name="android.permission.RECEIVE_BOOT_COMPLETED" />
85-->src/main/AndroidManifest.xml:86:5-81
85-->src/main/AndroidManifest.xml:86:22-78
86    <uses-permission android:name="android.permission.WRITE_EXTERNAL_STORAGE" />
86-->src/main/AndroidManifest.xml:17:5-81
86-->src/main/AndroidManifest.xml:17:22-78
87    <uses-permission android:name="android.permission.VIBRATE" />
87-->src/main/AndroidManifest.xml:22:5-66
87-->src/main/AndroidManifest.xml:22:22-63
88    <uses-permission android:name="android.permission.ACCESS_WIFI_STATE" />
88-->src/main/AndroidManifest.xml:45:5-76
88-->src/main/AndroidManifest.xml:45:22-73
89    <uses-permission android:name="android.permission.CALL_PHONE" />
89-->src/main/AndroidManifest.xml:90:5-69
89-->src/main/AndroidManifest.xml:90:22-66
90    <!-- Push(推送)-个推    end -->
91
92
93    <!-- Share(分享)  begin -->
94    <!-- Share - 新浪微博分享 -->
95    <uses-permission android:name="android.permission.CHANGE_WIFI_STATE" />
95-->src/main/AndroidManifest.xml:96:5-76
95-->src/main/AndroidManifest.xml:96:22-73
96    <uses-permission android:name="android.permission.ACCESS_WIFI_STATE" />
96-->src/main/AndroidManifest.xml:45:5-76
96-->src/main/AndroidManifest.xml:45:22-73
97    <uses-permission android:name="android.permission.ACCESS_NETWORK_STATE" />
97-->src/main/AndroidManifest.xml:44:5-79
97-->src/main/AndroidManifest.xml:44:22-76
98    <!-- Share - 腾讯微博分享 -->
99    <uses-permission android:name="android.permission.ACCESS_NETWORK_STATE" />
99-->src/main/AndroidManifest.xml:44:5-79
99-->src/main/AndroidManifest.xml:44:22-76
100    <uses-permission android:name="android.permission.ACCESS_WIFI_STATE" />
100-->src/main/AndroidManifest.xml:45:5-76
100-->src/main/AndroidManifest.xml:45:22-73
101    <uses-permission android:name="android.permission.CHANGE_WIFI_STATE" />
101-->src/main/AndroidManifest.xml:96:5-76
101-->src/main/AndroidManifest.xml:96:22-73
102    <uses-permission android:name="android.permission.ACCESS_COARSE_LOCATION" />
102-->src/main/AndroidManifest.xml:48:5-81
102-->src/main/AndroidManifest.xml:48:22-78
103    <uses-permission android:name="android.permission.ACCESS_FINE_LOCATION" />
103-->src/main/AndroidManifest.xml:104:5-79
103-->src/main/AndroidManifest.xml:104:22-76
104    <!-- Share - 微信分享 -->
105    <uses-permission android:name="android.permission.MODIFY_AUDIO_SETTINGS" />
105-->src/main/AndroidManifest.xml:106:5-80
105-->src/main/AndroidManifest.xml:106:22-77
106    <!-- Push(推送)   end -->
107
108
109    <!-- Speech(语音识别)  begin -->
110    <!-- Speech - 讯飞语音云 -->
111    <uses-permission android:name="android.permission.INTERNET" />
111-->src/main/AndroidManifest.xml:43:5-67
111-->src/main/AndroidManifest.xml:43:22-64
112    <uses-permission android:name="android.permission.WRITE_EXTERNAL_STORAGE" />
112-->src/main/AndroidManifest.xml:17:5-81
112-->src/main/AndroidManifest.xml:17:22-78
113    <uses-permission android:name="android.permission.RECORD_AUDIO" />
113-->src/main/AndroidManifest.xml:114:5-71
113-->src/main/AndroidManifest.xml:114:22-68
114    <uses-permission android:name="android.permission.ACCESS_NETWORK_STATE" />
114-->src/main/AndroidManifest.xml:44:5-79
114-->src/main/AndroidManifest.xml:44:22-76
115    <uses-permission android:name="android.permission.ACCESS_WIFI_STATE" />
115-->src/main/AndroidManifest.xml:45:5-76
115-->src/main/AndroidManifest.xml:45:22-73
116    <uses-permission android:name="android.permission.CHANGE_NETWORK_STATE" />
116-->src/main/AndroidManifest.xml:117:5-79
116-->src/main/AndroidManifest.xml:117:22-76
117    <uses-permission android:name="android.permission.READ_PHONE_STATE" />
117-->src/main/AndroidManifest.xml:46:5-75
117-->src/main/AndroidManifest.xml:46:22-72
118    <!-- Speech(语音识别)  end -->
119
120
121    <!-- Statistic(统计)  begin -->
122    <!-- Statistic - 友盟统计 -->
123    <uses-permission android:name="android.permission.READ_LOGS" />
123-->src/main/AndroidManifest.xml:124:5-68
123-->src/main/AndroidManifest.xml:124:22-65
124    <uses-permission android:name="android.permission.RECEIVE_BOOT_COMPLETED" />
124-->src/main/AndroidManifest.xml:86:5-81
124-->src/main/AndroidManifest.xml:86:22-78
125    <uses-permission android:name="android.permission.RECEIVE_USER_PRESENT" />
125-->src/main/AndroidManifest.xml:126:5-79
125-->src/main/AndroidManifest.xml:126:22-76
126    <!-- Statistic(统计)  end -->
127
128
129    <!-- 小米分享 -->
130    <uses-permission android:name="com.xiaomi.permission.AUTH_SERVICE" />
130-->src/main/AndroidManifest.xml:131:5-74
130-->src/main/AndroidManifest.xml:131:22-71
131
132    <!-- 华为 -->
133    <uses-permission android:name="com.huawei.android.launcher.permission.CHANGE_BADGE" />
133-->src/main/AndroidManifest.xml:134:5-90
133-->src/main/AndroidManifest.xml:134:22-88
134    <uses-permission android:name="android.permission.INTERNET" />
134-->src/main/AndroidManifest.xml:43:5-67
134-->src/main/AndroidManifest.xml:43:22-64
135    <!-- 三星 -->
136    <!-- <uses-permission android:name="com.sec.android.provider.badge.permission.READ"/> -->
137    <!-- <uses-permission android:name="com.sec.android.provider.badge.permission.WRITE"/> -->
138    <!-- OPPO -->
139    <uses-permission android:name="com.oppo.launcher.permission.READ_SETTINGS" />
139-->src/main/AndroidManifest.xml:140:5-81
139-->src/main/AndroidManifest.xml:140:22-79
140    <uses-permission android:name="com.oppo.launcher.permission.WRITE_SETTINGS" />
140-->src/main/AndroidManifest.xml:141:5-82
140-->src/main/AndroidManifest.xml:141:22-80
141    <!-- 联想ZUK -->
142    <uses-permission android:name="android.permission.READ_APP_BADGE" />
142-->src/main/AndroidManifest.xml:143:5-72
142-->src/main/AndroidManifest.xml:143:22-70
143    <!-- HTC -->
144    <uses-permission android:name="com.htc.launcher.permission.READ_SETTINGS" />
144-->src/main/AndroidManifest.xml:145:5-80
144-->src/main/AndroidManifest.xml:145:22-78
145    <uses-permission android:name="com.htc.launcher.permission.UPDATE_SHORTCUT" />
145-->src/main/AndroidManifest.xml:146:5-82
145-->src/main/AndroidManifest.xml:146:22-80
146    <uses-permission android:name="com.asus.msa.SupplementaryDID.ACCESS" />
146-->[msa_mdid_1.0.13.aar] AndroidManifest.xml:8:5-76
146-->[msa_mdid_1.0.13.aar] AndroidManifest.xml:8:22-73
147
148    <uses-feature android:name="android.hardware.nfc.hce" />
148-->[:rongim] AndroidManifest.xml:11:5-61
148-->[:rongim] AndroidManifest.xml:11:19-58
149
150    <uses-permission android:name="android.permission.NFC" />
150-->[:rongim] AndroidManifest.xml:19:5-62
150-->[:rongim] AndroidManifest.xml:19:22-59
151    <uses-permission android:name="org.simalliance.openmobileapi.SMARTCARD" />
151-->[:rongim] AndroidManifest.xml:20:5-79
151-->[:rongim] AndroidManifest.xml:20:22-76
152    <uses-permission android:name="android.permission.SYSTEM_ALERT_WINDOW" /> <!-- 拍照等 -->
152-->[:rongim] AndroidManifest.xml:21:5-78
152-->[:rongim] AndroidManifest.xml:21:22-75
153    <uses-permission android:name="android.permission.WRITE_SETTINGS" />
153-->[:IMKit] AndroidManifest.xml:18:5-73
153-->[:IMKit] AndroidManifest.xml:18:22-70
154    <uses-permission android:name="android.permission.INTERACT_ACROSS_USERS_FULL" /> <!-- 使用ActivityManager需要 -->
154-->[:IMKit] AndroidManifest.xml:21:5-85
154-->[:IMKit] AndroidManifest.xml:21:22-82
155    <uses-permission android:name="android.permission.GET_TASKS" />
155-->[:IMKit] AndroidManifest.xml:30:5-68
155-->[:IMKit] AndroidManifest.xml:30:22-65
156
157    <application
157-->src/main/AndroidManifest.xml:148:5-232:19
158        android:name="io.dcloud.application.DCloudApplication"
158-->src/main/AndroidManifest.xml:149:9-63
159        android:allowBackup="true"
159-->src/main/AndroidManifest.xml:150:9-35
160        android:allowClearUserData="true"
160-->src/main/AndroidManifest.xml:151:9-42
161        android:appComponentFactory="rongim"
161-->[:rongim] AndroidManifest.xml:25:9-45
162        android:debuggable="true"
163        android:icon="@drawable/icon"
163-->src/main/AndroidManifest.xml:152:9-38
164        android:label="@string/app_name"
164-->src/main/AndroidManifest.xml:153:9-41
165        android:largeHeap="true"
165-->src/main/AndroidManifest.xml:154:9-33
166        android:networkSecurityConfig="@xml/network_security_config"
166-->[:rongim] AndroidManifest.xml:27:9-69
167        android:supportsRtl="true"
167-->src/main/AndroidManifest.xml:155:9-35
168        android:testOnly="true"
169        android:usesCleartextTraffic="true" >
169-->[lib.5plus.base-release.aar] AndroidManifest.xml:159:9-44
170
171        <!-- 应用入口 -->
172        <activity
172-->src/main/AndroidManifest.xml:158:9-180:20
173            android:name="io.dcloud.PandoraEntry"
173-->src/main/AndroidManifest.xml:159:13-50
174            android:configChanges="orientation|keyboardHidden|screenSize|mcc|mnc|fontScale"
174-->src/main/AndroidManifest.xml:161:13-92
175            android:hardwareAccelerated="true"
175-->src/main/AndroidManifest.xml:162:13-47
176            android:theme="@style/TranslucentTheme"
176-->src/main/AndroidManifest.xml:160:13-52
177            android:windowSoftInputMode="adjustResize" >
177-->src/main/AndroidManifest.xml:163:13-55
178            <intent-filter>
178-->src/main/AndroidManifest.xml:164:13-170:29
179                <data android:scheme="hbuilder" />
179-->src/main/AndroidManifest.xml:165:17-50
179-->src/main/AndroidManifest.xml:165:23-48
180
181                <action android:name="android.intent.action.VIEW" />
181-->src/main/AndroidManifest.xml:166:17-68
181-->src/main/AndroidManifest.xml:166:25-66
182
183                <category android:name="android.intent.category.DEFAULT" />
183-->src/main/AndroidManifest.xml:168:17-75
183-->src/main/AndroidManifest.xml:168:27-73
184                <category android:name="android.intent.category.BROWSABLE" />
184-->src/main/AndroidManifest.xml:169:17-77
184-->src/main/AndroidManifest.xml:169:27-75
185            </intent-filter>
186            <intent-filter>
186-->src/main/AndroidManifest.xml:171:13-175:29
187                <data android:mimeType="image/*" />
187-->src/main/AndroidManifest.xml:165:17-50
187-->src/main/AndroidManifest.xml:172:23-49
188
189                <action android:name="android.intent.action.SEND" />
189-->src/main/AndroidManifest.xml:173:17-68
189-->src/main/AndroidManifest.xml:173:25-66
190
191                <category android:name="android.intent.category.DEFAULT" />
191-->src/main/AndroidManifest.xml:168:17-75
191-->src/main/AndroidManifest.xml:168:27-73
192            </intent-filter>
193            <intent-filter>
193-->src/main/AndroidManifest.xml:176:13-179:29
194                <action android:name="android.intent.action.MAIN" />
194-->src/main/AndroidManifest.xml:177:17-68
194-->src/main/AndroidManifest.xml:177:25-66
195
196                <category android:name="android.intent.category.LAUNCHER" />
196-->src/main/AndroidManifest.xml:178:17-76
196-->src/main/AndroidManifest.xml:178:27-74
197            </intent-filter>
198        </activity>
199
200        <meta-data
200-->src/main/AndroidManifest.xml:184:9-185:35
201            android:name="dcloud_uninview_background"
201-->src/main/AndroidManifest.xml:184:20-61
202            android:value="true" />
202-->src/main/AndroidManifest.xml:185:13-33
203
204        <activity
204-->src/main/AndroidManifest.xml:188:9-212:20
205            android:name="io.dcloud.PandoraEntryActivity"
205-->src/main/AndroidManifest.xml:189:13-58
206            android:configChanges="orientation|keyboardHidden|screenSize|mcc|mnc|fontScale|keyboard"
206-->src/main/AndroidManifest.xml:191:13-101
207            android:hardwareAccelerated="true"
207-->src/main/AndroidManifest.xml:192:13-47
208            android:launchMode="singleTask"
208-->src/main/AndroidManifest.xml:190:13-44
209            android:permission="com.miui.securitycenter.permission.AppPermissionsEditor"
209-->src/main/AndroidManifest.xml:193:13-89
210            android:screenOrientation="user"
210-->src/main/AndroidManifest.xml:194:13-45
211            android:theme="@style/DCloudTheme"
211-->src/main/AndroidManifest.xml:195:13-47
212            android:windowSoftInputMode="adjustResize" >
212-->src/main/AndroidManifest.xml:196:13-55
213            <intent-filter>
213-->src/main/AndroidManifest.xml:198:13-211:29
214                <category android:name="android.intent.category.DEFAULT" />
214-->src/main/AndroidManifest.xml:168:17-75
214-->src/main/AndroidManifest.xml:168:27-73
215                <category android:name="android.intent.category.BROWSABLE" />
215-->src/main/AndroidManifest.xml:169:17-77
215-->src/main/AndroidManifest.xml:169:27-75
216
217                <action android:name="android.intent.action.VIEW" />
217-->src/main/AndroidManifest.xml:166:17-68
217-->src/main/AndroidManifest.xml:166:25-66
218
219                <data android:scheme="h56131bcf" />
219-->src/main/AndroidManifest.xml:165:17-50
219-->src/main/AndroidManifest.xml:165:23-48
220            </intent-filter>
221        </activity>
222
223        <meta-data
223-->src/main/AndroidManifest.xml:215:9-216:21
224            android:name="WX_APPID"
224-->src/main/AndroidManifest.xml:215:20-43
225            android:value="wx9a225b6a3a60b921" >
225-->src/main/AndroidManifest.xml:215:44-78
226        </meta-data>
227        <!-- <meta-data android:name="WX_SECRET" android:value="%微信开放平台申请应用的Secret%"> -->
228        <!-- </meta-data> -->
229        <activity
229-->src/main/AndroidManifest.xml:219:9-229:20
230            android:name="com.sureemed.consumer.wxapi.WXEntryActivity"
230-->src/main/AndroidManifest.xml:220:13-50
231            android:exported="true"
231-->src/main/AndroidManifest.xml:222:13-36
232            android:label="@string/app_name"
232-->src/main/AndroidManifest.xml:221:13-45
233            android:launchMode="singleTop" >
233-->src/main/AndroidManifest.xml:223:13-43
234            <intent-filter>
234-->src/main/AndroidManifest.xml:224:13-228:29
235                <action android:name="android.intent.action.VIEW" />
235-->src/main/AndroidManifest.xml:166:17-68
235-->src/main/AndroidManifest.xml:166:25-66
236
237                <category android:name="android.intent.category.DEFAULT" />
237-->src/main/AndroidManifest.xml:168:17-75
237-->src/main/AndroidManifest.xml:168:27-73
238
239                <data android:scheme="wx9a225b6a3a60b921" />
239-->src/main/AndroidManifest.xml:165:17-50
239-->src/main/AndroidManifest.xml:165:23-48
240            </intent-filter>
241        </activity>
242
243        <service
243-->[lib.5plus.base-release.aar] AndroidManifest.xml:160:9-162:40
244            android:name="io.dcloud.common.adapter.io.MiniServerService"
244-->[lib.5plus.base-release.aar] AndroidManifest.xml:161:13-73
245            android:exported="false" />
245-->[lib.5plus.base-release.aar] AndroidManifest.xml:162:13-37
246
247        <receiver android:name="io.dcloud.common.adapter.io.PushReceiver" >
247-->[lib.5plus.base-release.aar] AndroidManifest.xml:164:9-168:20
247-->[lib.5plus.base-release.aar] AndroidManifest.xml:164:19-74
248            <intent-filter>
248-->[lib.5plus.base-release.aar] AndroidManifest.xml:165:13-167:29
249                <action android:name="dcloud.push.broswer" />
249-->[lib.5plus.base-release.aar] AndroidManifest.xml:166:17-62
249-->[lib.5plus.base-release.aar] AndroidManifest.xml:166:25-59
250            </intent-filter>
251        </receiver>
252
253        <activity
253-->[lib.5plus.base-release.aar] AndroidManifest.xml:170:9-173:40
254            android:name="io.dcloud.imagepick.CustomGalleryActivity"
254-->[lib.5plus.base-release.aar] AndroidManifest.xml:171:13-69
255            android:exported="false"
255-->[lib.5plus.base-release.aar] AndroidManifest.xml:172:13-37
256            android:noHistory="true" />
256-->[lib.5plus.base-release.aar] AndroidManifest.xml:173:13-37
257        <activity
257-->[lib.5plus.base-release.aar] AndroidManifest.xml:174:9-177:58
258            android:name="io.dcloud.feature.nativeObj.photoview.PhotoActivity"
258-->[lib.5plus.base-release.aar] AndroidManifest.xml:175:13-79
259            android:noHistory="false"
259-->[lib.5plus.base-release.aar] AndroidManifest.xml:176:13-38
260            android:theme="@style/DeviceDefault.Light" />
260-->[lib.5plus.base-release.aar] AndroidManifest.xml:177:13-55
261        <activity
261-->[lib.5plus.base-release.aar] AndroidManifest.xml:178:9-199:20
262            android:name="io.dcloud.appstream.StreamAppMainActivity"
262-->[lib.5plus.base-release.aar] AndroidManifest.xml:179:13-69
263            android:configChanges="orientation|keyboardHidden|screenSize|mcc|mnc"
263-->[lib.5plus.base-release.aar] AndroidManifest.xml:180:13-82
264            android:exported="true"
264-->[lib.5plus.base-release.aar] AndroidManifest.xml:181:13-36
265            android:launchMode="singleTask"
265-->[lib.5plus.base-release.aar] AndroidManifest.xml:182:13-44
266            android:screenOrientation="portrait"
266-->[lib.5plus.base-release.aar] AndroidManifest.xml:183:13-49
267            android:taskAffinity=":list"
267-->[lib.5plus.base-release.aar] AndroidManifest.xml:184:13-41
268            android:theme="@android:style/Theme.Wallpaper.NoTitleBar"
268-->[lib.5plus.base-release.aar] AndroidManifest.xml:185:13-70
269            android:windowSoftInputMode="stateAlwaysHidden|adjustResize" >
269-->[lib.5plus.base-release.aar] AndroidManifest.xml:186:13-73
270            <intent-filter>
270-->[lib.5plus.base-release.aar] AndroidManifest.xml:187:13-189:29
271                <action android:name="android.intent.action.MAIN" />
271-->src/main/AndroidManifest.xml:177:17-68
271-->src/main/AndroidManifest.xml:177:25-66
272            </intent-filter>
273            <intent-filter>
273-->[lib.5plus.base-release.aar] AndroidManifest.xml:190:13-198:29
274                <data android:scheme="streamapp" />
274-->src/main/AndroidManifest.xml:165:17-50
274-->src/main/AndroidManifest.xml:165:23-48
275                <data android:scheme="streamappmain" />
275-->src/main/AndroidManifest.xml:165:17-50
275-->src/main/AndroidManifest.xml:165:23-48
276
277                <action android:name="android.intent.action.VIEW" />
277-->src/main/AndroidManifest.xml:166:17-68
277-->src/main/AndroidManifest.xml:166:25-66
278
279                <category android:name="android.intent.category.DEFAULT" />
279-->src/main/AndroidManifest.xml:168:17-75
279-->src/main/AndroidManifest.xml:168:27-73
280                <category android:name="android.intent.category.BROWSABLE" />
280-->src/main/AndroidManifest.xml:169:17-77
280-->src/main/AndroidManifest.xml:169:27-75
281            </intent-filter>
282        </activity>
283        <activity
283-->[lib.5plus.base-release.aar] AndroidManifest.xml:200:9-210:58
284            android:name="io.dcloud.WebAppActivity"
284-->[lib.5plus.base-release.aar] AndroidManifest.xml:201:13-52
285            android:configChanges="orientation|keyboardHidden|screenSize|mcc|mnc|fontScale"
285-->[lib.5plus.base-release.aar] AndroidManifest.xml:202:13-92
286            android:hardwareAccelerated="true"
286-->[lib.5plus.base-release.aar] AndroidManifest.xml:203:13-47
287            android:icon="@drawable/dcloud_recent"
287-->[lib.5plus.base-release.aar] AndroidManifest.xml:204:13-51
288            android:label="@string/stream_my"
288-->[lib.5plus.base-release.aar] AndroidManifest.xml:205:13-46
289            android:launchMode="singleTask"
289-->[lib.5plus.base-release.aar] AndroidManifest.xml:206:13-44
290            android:screenOrientation="portrait"
290-->[lib.5plus.base-release.aar] AndroidManifest.xml:207:13-49
291            android:taskAffinity=":stream"
291-->[lib.5plus.base-release.aar] AndroidManifest.xml:208:13-43
292            android:theme="@style/DCloudTheme"
292-->[lib.5plus.base-release.aar] AndroidManifest.xml:209:13-47
293            android:windowSoftInputMode="adjustResize" />
293-->[lib.5plus.base-release.aar] AndroidManifest.xml:210:13-55
294
295        <service android:name="io.dcloud.streamdownload.DownloadService" >
295-->[lib.5plus.base-release.aar] AndroidManifest.xml:212:9-216:19
295-->[lib.5plus.base-release.aar] AndroidManifest.xml:212:18-73
296            <intent-filter>
296-->[lib.5plus.base-release.aar] AndroidManifest.xml:213:13-215:29
297                <action android:name="com.qihoo.life.plugin.streamapp.ACTION_PUSH_TO_PLUGIN" />
297-->[lib.5plus.base-release.aar] AndroidManifest.xml:214:17-96
297-->[lib.5plus.base-release.aar] AndroidManifest.xml:214:25-93
298            </intent-filter>
299        </service>
300        <service android:name="io.dcloud.multiprocess.service.MultiProcessService" />
300-->[lib.5plus.base-release.aar] AndroidManifest.xml:217:9-86
300-->[lib.5plus.base-release.aar] AndroidManifest.xml:217:18-83
301
302        <activity
302-->[lib.5plus.base-release.aar] AndroidManifest.xml:219:9-230:58
303            android:name="io.dcloud.multiprocess.activity.WebAppActivity1"
303-->[lib.5plus.base-release.aar] AndroidManifest.xml:220:13-75
304            android:configChanges="orientation|keyboardHidden|screenSize|mcc|mnc"
304-->[lib.5plus.base-release.aar] AndroidManifest.xml:221:13-82
305            android:hardwareAccelerated="true"
305-->[lib.5plus.base-release.aar] AndroidManifest.xml:222:13-47
306            android:icon="@drawable/dcloud_recent"
306-->[lib.5plus.base-release.aar] AndroidManifest.xml:223:13-51
307            android:label="@string/stream_my"
307-->[lib.5plus.base-release.aar] AndroidManifest.xml:224:13-46
308            android:launchMode="singleTask"
308-->[lib.5plus.base-release.aar] AndroidManifest.xml:225:13-44
309            android:process="io.dcloud.multiprocess.webapp1"
309-->[lib.5plus.base-release.aar] AndroidManifest.xml:226:13-61
310            android:screenOrientation="portrait"
310-->[lib.5plus.base-release.aar] AndroidManifest.xml:227:13-49
311            android:taskAffinity=":webapp1"
311-->[lib.5plus.base-release.aar] AndroidManifest.xml:228:13-44
312            android:theme="@style/DCloudTheme"
312-->[lib.5plus.base-release.aar] AndroidManifest.xml:229:13-47
313            android:windowSoftInputMode="adjustResize" />
313-->[lib.5plus.base-release.aar] AndroidManifest.xml:230:13-55
314        <activity
314-->[lib.5plus.base-release.aar] AndroidManifest.xml:231:9-237:20
315            android:name="io.dcloud.appstream.OpenStreamAppTransferActivity"
315-->[lib.5plus.base-release.aar] AndroidManifest.xml:232:13-77
316            android:configChanges="orientation|keyboardHidden|screenSize|mcc|mnc"
316-->[lib.5plus.base-release.aar] AndroidManifest.xml:233:13-82
317            android:screenOrientation="portrait"
317-->[lib.5plus.base-release.aar] AndroidManifest.xml:234:13-49
318            android:theme="@style/OpenStreamAppTransferActivityTheme"
318-->[lib.5plus.base-release.aar] AndroidManifest.xml:235:13-70
319            android:windowSoftInputMode="stateAlwaysHidden|adjustResize" >
319-->[lib.5plus.base-release.aar] AndroidManifest.xml:236:13-73
320        </activity>
321
322        <meta-data
322-->[lib.5plus.base-release.aar] AndroidManifest.xml:239:9-241:33
323            android:name="MultiProcessCount"
323-->[lib.5plus.base-release.aar] AndroidManifest.xml:240:13-45
324            android:value="1" />
324-->[lib.5plus.base-release.aar] AndroidManifest.xml:241:13-30
325
326        <activity
326-->[lib.5plus.base-release.aar] AndroidManifest.xml:243:9-249:75
327            android:name="io.dcloud.ProcessMediator"
327-->[lib.5plus.base-release.aar] AndroidManifest.xml:244:13-53